app/build/intermediates/manifest_merge_blame_file/debug/manifest-merger-blame-debug-report.txt
1<?xml version="1.0" encoding="utf-8"?>
2<manifest xmlns:android="http://schemas.android.com/apk/res/android"
3    package="com.example.mvvm_tutorial"
4    android:versionCode="1"
5    android:versionName="1.0" >
6
7    <uses-sdk
8        android:minSdkVersion="33"
8-->src/main/AndroidManifest.xml
9        android:targetSdkVersion="33" />
9-->src/main/AndroidManifest.xml
10
11    <permission
11-->[androidx.core:core:1.9.0] AndroidManifest.xml:22:5-24:47
12        android:name="com.example.mvvm_tutorial.DYNAMIC_RECEIVER_NOT_EXPORTED_PERMISSION"
12-->[androidx.core:core:1.9.0] AndroidManifest.xml:23:9-81
13        android:protectionLevel="signature" />
13-->[androidx.core:core:1.9.0] AndroidManifest.xml:24:9-44
14
15    <uses-permission android:name="com.example.mvvm_tutorial.DYNAMIC_RECEIVER_NOT_EXPORTED_PERMISSION" />
15-->[androidx.core:core:1.9.0] AndroidManifest.xml:26:5-97
15-->[androidx.core:core:1.9.0] AndroidManifest.xml:26:22-94
16
17    <application
17-->src/main/AndroidManifest.xml:5:5-28:19
18        android:name="com.example.mvvm_tutorial.TodoApp"
18-->src/main/AndroidManifest.xml:6:9-32
19        android:allowBackup="true"
19-->src/main/AndroidManifest.xml:7:9-35
20        android:appComponentFactory="androidx.core.app.CoreComponentFactory"
20-->[androidx.core:core:1.9.0] AndroidManifest.xml:28:18-86
21        android:dataExtractionRules="@xml/data_extraction_rules"
21-->src/main/AndroidManifest.xml:8:9-65
22        android:debuggable="true"
23        android:extractNativeLibs="false"
24        android:fullBackupContent="@xml/backup_rules"
24-->src/main/AndroidManifest.xml:9:9-54
25        android:icon="@mipmap/ic_launcher"
25-->src/main/AndroidManifest.xml:10:9-43
26        android:label="@string/app_name"
26-->src/main/AndroidManifest.xml:11:9-41
27        android:supportsRtl="true"
27-->src/main/AndroidManifest.xml:12:9-35
28        android:testOnly="true"
29        android:theme="@style/Theme.Mvvm_tutorial" >
29-->src/main/AndroidManifest.xml:13:9-51
30        <activity
30-->src/main/AndroidManifest.xml:15:9-27:20
31            android:name="com.example.mvvm_tutorial.MainActivity"
31-->src/main/AndroidManifest.xml:16:13-41
32            android:exported="true" >
32-->src/main/AndroidManifest.xml:17:13-36
33            <intent-filter>
33-->src/main/AndroidManifest.xml:18:13-22:29
34                <action android:name="android.intent.action.MAIN" />
34-->src/main/AndroidManifest.xml:19:17-69
34-->src/main/AndroidManifest.xml:19:25-66
35
36                <category android:name="android.intent.category.LAUNCHER" />
36-->src/main/AndroidManifest.xml:21:17-77
36-->src/main/AndroidManifest.xml:21:27-74
37            </intent-filter>
38
39            <meta-data
39-->src/main/AndroidManifest.xml:24:13-26:36
40                android:name="android.app.lib_name"
40-->src/main/AndroidManifest.xml:25:17-52
41                android:value="" />
41-->src/main/AndroidManifest.xml:26:17-33
42        </activity>
43        <activity
43-->[androidx.compose.ui:ui-tooling:1.2.1] AndroidManifest.xml:24:9-26:39
44            android:name="androidx.compose.ui.tooling.PreviewActivity"
44-->[androidx.compose.ui:ui-tooling:1.2.1] AndroidManifest.xml:25:13-71
45            android:exported="true" />
45-->[androidx.compose.ui:ui-tooling:1.2.1] AndroidManifest.xml:26:13-36
46
47        <provider
47-->[androidx.emoji2:emoji2:1.2.0] AndroidManifest.xml:24:9-32:20
48            android:name="androidx.startup.InitializationProvider"
48-->[androidx.emoji2:emoji2:1.2.0] AndroidManifest.xml:25:13-67
49            android:authorities="com.example.mvvm_tutorial.androidx-startup"
49-->[androidx.emoji2:emoji2:1.2.0] AndroidManifest.xml:26:13-68
50            android:exported="false" >
50-->[androidx.emoji2:emoji2:1.2.0] AndroidManifest.xml:27:13-37
51            <meta-data
51-->[androidx.emoji2:emoji2:1.2.0] AndroidManifest.xml:29:13-31:52
52                android:name="androidx.emoji2.text.EmojiCompatInitializer"
52-->[androidx.emoji2:emoji2:1.2.0] AndroidManifest.xml:30:17-75
53                android:value="androidx.startup" />
53-->[androidx.emoji2:emoji2:1.2.0] AndroidManifest.xml:31:17-49
54            <meta-data
54-->[androidx.lifecycle:lifecycle-process:2.4.1] AndroidManifest.xml:31:13-33:52
55                android:name="androidx.lifecycle.ProcessLifecycleInitializer"
55-->[androidx.lifecycle:lifecycle-process:2.4.1] AndroidManifest.xml:32:17-78
56                android:value="androidx.startup" />
56-->[androidx.lifecycle:lifecycle-process:2.4.1] AndroidManifest.xml:33:17-49
57            <meta-data
57-->[androidx.profileinstaller:profileinstaller:1.2.0] AndroidManifest.xml:30:13-32:52
58                android:name="androidx.profileinstaller.ProfileInstallerInitializer"
58-->[androidx.profileinstaller:profileinstaller:1.2.0] AndroidManifest.xml:31:17-85
59                android:value="androidx.startup" />
59-->[androidx.profileinstaller:profileinstaller:1.2.0] AndroidManifest.xml:32:17-49
60        </provider>
61
62        <service
62-->[androidx.room:room-runtime:2.4.3] AndroidManifest.xml:25:9-28:40
63            android:name="androidx.room.MultiInstanceInvalidationService"
63-->[androidx.room:room-runtime:2.4.3] AndroidManifest.xml:26:13-74
64            android:directBootAware="true"
64-->[androidx.room:room-runtime:2.4.3] AndroidManifest.xml:27:13-43
65            android:exported="false" />
65-->[androidx.room:room-runtime:2.4.3] AndroidManifest.xml:28:13-37
66
67        <receiver
67-->[androidx.profileinstaller:profileinstaller:1.2.0] AndroidManifest.xml:35:9-47:20
68            android:name="androidx.profileinstaller.ProfileInstallReceiver"
68-->[androidx.profileinstaller:profileinstaller:1.2.0] AndroidManifest.xml:36:13-76
69            android:directBootAware="false"
69-->[androidx.profileinstaller:profileinstaller:1.2.0] AndroidManifest.xml:37:13-44
70            android:enabled="true"
70-->[androidx.profileinstaller:profileinstaller:1.2.0] AndroidManifest.xml:38:13-35
71            android:exported="true"
71-->[androidx.profileinstaller:profileinstaller:1.2.0] AndroidManifest.xml:39:13-36
72            android:permission="android.permission.DUMP" >
72-->[androidx.profileinstaller:profileinstaller:1.2.0] AndroidManifest.xml:40:13-57
73            <intent-filter>
73-->[androidx.profileinstaller:profileinstaller:1.2.0] AndroidManifest.xml:41:13-43:29
74                <action android:name="androidx.profileinstaller.action.INSTALL_PROFILE" />
74-->[androidx.profileinstaller:profileinstaller:1.2.0] AndroidManifest.xml:42:17-91
74-->[androidx.profileinstaller:profileinstaller:1.2.0] AndroidManifest.xml:42:25-88
75            </intent-filter>
76            <intent-filter>
76-->[androidx.profileinstaller:profileinstaller:1.2.0] AndroidManifest.xml:44:13-46:29
77                <action android:name="androidx.profileinstaller.action.SKIP_FILE" />
77-->[androidx.profileinstaller:profileinstaller:1.2.0] AndroidManifest.xml:45:17-85
77-->[androidx.profileinstaller:profileinstaller:1.2.0] AndroidManifest.xml:45:25-82
78            </intent-filter>
79        </receiver>
80    </application>
81
82</manifest>